<?xml version="1.0" encoding="UTF-8"?>
<!-- Generated by org.testng.reporters.JUnitXMLReporter -->
<testsuite hostname="India-PC" ignored="0" name="Test-Runner-1" tests="0" failures="0" timestamp="2020-01-29T18:50:45 IST" time="108.344" errors="0">
</testsuite> <!-- Test-Runner-1 -->
