<?xml version="1.0" encoding="UTF-8"?>
<!-- Generated by org.testng.reporters.JUnitXMLReporter -->
<testsuite hostname="India-PC" ignored="0" name="Test-Runner-2" tests="2" failures="0" timestamp="2020-01-29T18:50:45 IST" time="108.359" errors="0">
  <testcase name="createCampaign" time="53.957" classname="com.crm.vtiger.campaigntest.CampaignTest"/>
  <testcase name="createOrganizationTest" time="56.479" classname="com.crm.vtiger.organizationtest.OrgTest"/>
</testsuite> <!-- Test-Runner-2 -->
