<?xml version="1.0" encoding="UTF-8"?>
<!-- Generated by org.testng.reporters.JUnitReportReporter -->
<testsuite hostname="India-PC" name="com.crm.vtiger.organizationtest.ExtReport" tests="1" failures="0" timestamp="29 Jan 2020 17:20:42 GMT" time="0.015" errors="0">
  <testcase name="createOrg" time="0.015" classname="com.crm.vtiger.organizationtest.ExtReport"/>
</testsuite> <!-- com.crm.vtiger.organizationtest.ExtReport -->
