<?xml version="1.0" encoding="UTF-8"?>
<!-- Generated by org.testng.reporters.JUnitReportReporter -->
<testsuite skipped="0" hostname="India-PC" name="com.crm.vtiger.organizationtest.OrgWithPhoneTest" tests="1" failures="0" timestamp="2020-01-27T18:27:30 IST" time="34.866" errors="0">
  <testcase name="createOrgWithPhone" time="34.866" classname="com.crm.vtiger.organizationtest.OrgWithPhoneTest"/>
</testsuite> <!-- com.crm.vtiger.organizationtest.OrgWithPhoneTest -->
