<?xml version="1.0" encoding="UTF-8"?>
<!-- Generated by org.testng.reporters.JUnitReportReporter -->
<testsuite hostname="India-PC" name="com.crm.vtiger.campaigntest.CampaignTest" tests="1" failures="0" timestamp="29 Jan 2020 18:32:54 GMT" time="27.051" errors="0">
  <testcase name="createCampaign" time="27.051" classname="com.crm.vtiger.campaigntest.CampaignTest"/>
</testsuite> <!-- com.crm.vtiger.campaigntest.CampaignTest -->
