<?xml version="1.0" encoding="UTF-8"?>
<!-- Generated by org.testng.reporters.JUnitReportReporter -->
<testsuite skipped="0" hostname="India-PC" name="com.crm.vtiger.organizationtest.OrganizationTest" tests="2" failures="0" timestamp="2020-01-27T15:00:07 IST" time="63.077" errors="0">
  <testcase name="createOrganizationTest" time="51.981" classname="com.crm.vtiger.organizationtest.OrganizationTest"/>
  <testcase name="createOrganizationWithMemberTest" time="11.096" classname="com.crm.vtiger.organizationtest.OrganizationTest"/>
</testsuite> <!-- com.crm.vtiger.organizationtest.OrganizationTest -->
