<?xml version="1.0" encoding="UTF-8"?>
<!-- Generated by org.testng.reporters.JUnitReportReporter -->
<testsuite skipped="0" hostname="India-PC" name="com.crm.vtiger.organizationtest.CampaignTest" tests="1" failures="0" timestamp="2020-01-26T23:41:21 IST" time="48.806" errors="0">
  <testcase name="createCampaign" time="48.806" classname="com.crm.vtiger.organizationtest.CampaignTest"/>
</testsuite> <!-- com.crm.vtiger.organizationtest.CampaignTest -->
