<?xml version="1.0" encoding="UTF-8"?>
<!-- Generated by org.testng.reporters.JUnitReportReporter -->
<testsuite skipped="0" hostname="India-PC" name="scripts.LoginTest" tests="1" failures="0" timestamp="2020-01-24T11:08:40 IST" time="86.893" errors="0">
  <testcase name="loginToVT" time="86.893" classname="scripts.LoginTest"/>
</testsuite> <!-- scripts.LoginTest -->
