<?xml version="1.0" encoding="UTF-8"?>
<!-- Generated by org.testng.reporters.JUnitReportReporter -->
<testsuite skipped="0" hostname="India-PC" name="api.JDBCTestForExeQuery" tests="1" failures="0" timestamp="2020-01-28T10:13:57 IST" time="0.362" errors="0">
  <testcase name="Execute_Query" time="0.362" classname="api.JDBCTestForExeQuery"/>
</testsuite> <!-- api.JDBCTestForExeQuery -->
