<?xml version="1.0" encoding="UTF-8"?>
<!-- Generated by org.testng.reporters.JUnitReportReporter -->
<testsuite hostname="India-PC" name="com.crm.vtiger.organizationtest.OrgTest" tests="1" failures="0" timestamp="29 Jan 2020 18:30:17 GMT" time="28.586" errors="0">
  <testcase name="createOrganizationTest" time="28.586" classname="com.crm.vtiger.organizationtest.OrgTest"/>
</testsuite> <!-- com.crm.vtiger.organizationtest.OrgTest -->
